src/app/mi-coleccion/page.tsx(30,19): error TS2769: No overload matches this call.
  Overload 1 of 2, '(relation: "audit_log" | "profiles" | "badge_definitions" | "collection_templates" | "email_forwarding_addresses" | "favourites" | "ignored_users" | "inbound_email_log" | "listing_transactions" | ... 20 more ... | "xp_history"): PostgrestQueryBuilder<...>', gave the following error.
    Argument of type '"user_collections"' is not assignable to parameter of type '"audit_log" | "profiles" | "badge_definitions" | "collection_templates" | "email_forwarding_addresses" | "favourites" | "ignored_users" | "inbound_email_log" | "listing_transactions" | ... 20 more ... | "xp_history"'.
  Overload 2 of 2, '(relation: "leaderboard_cache" | "listings_with_template_info" | "moderation_audit_logs"): PostgrestQueryBuilder<{ PostgrestVersion: "13.0.5"; }, { Tables: { audit_log: { Row: { action: string; admin_id: string | null; ... 15 more ...; user_id: string | null; }; Insert: { ...; }; Update: { ...; }; Relationships: [...]; }; ... 28 more ...; xp_history: { ...; }; }; Views: { ...; }; Functions: { ...; }; Enums: {}; CompositeTypes: { ...; }; }, { ...; } | ... 1 more ... | { ...; }, "leaderboard_cache" | ... 1 more ... | "moderation_audit_logs", [] | ... 1 more ... | [...]>', gave the following error.
    Argument of type '"user_collections"' is not assignable to parameter of type '"leaderboard_cache" | "listings_with_template_info" | "moderation_audit_logs"'.
src/app/mi-coleccion/page.tsx(58,66): error TS2339: Property 'is_active' does not exist on type 'SelectQueryError<"column 'collection_id' does not exist on 'audit_log'."> | SelectQueryError<"column 'collection_id' does not exist on 'profiles'."> | ... 27 more ... | SelectQueryError<...>'.
  Property 'is_active' does not exist on type 'SelectQueryError<"column 'collection_id' does not exist on 'audit_log'.">'.
src/app/mi-coleccion/page.tsx(64,32): error TS2339: Property 'collection_id' does not exist on type 'SelectQueryError<"column 'collection_id' does not exist on 'audit_log'."> | SelectQueryError<"column 'collection_id' does not exist on 'profiles'."> | ... 27 more ... | SelectQueryError<...>'.
  Property 'collection_id' does not exist on type 'SelectQueryError<"column 'collection_id' does not exist on 'audit_log'.">'.
src/app/mi-coleccion/page.tsx(66,59): error TS2339: Property 'collection_id' does not exist on type 'SelectQueryError<"column 'collection_id' does not exist on 'audit_log'."> | SelectQueryError<"column 'collection_id' does not exist on 'profiles'."> | ... 27 more ... | SelectQueryError<...>'.
  Property 'collection_id' does not exist on type 'SelectQueryError<"column 'collection_id' does not exist on 'audit_log'.">'.
src/app/mi-coleccion/page.tsx(77,21): error TS2769: No overload matches this call.
  Overload 1 of 2, '(relation: "audit_log" | "profiles" | "badge_definitions" | "collection_templates" | "email_forwarding_addresses" | "favourites" | "ignored_users" | "inbound_email_log" | "listing_transactions" | ... 20 more ... | "xp_history"): PostgrestQueryBuilder<...>', gave the following error.
    Argument of type '"user_collections"' is not assignable to parameter of type '"audit_log" | "profiles" | "badge_definitions" | "collection_templates" | "email_forwarding_addresses" | "favourites" | "ignored_users" | "inbound_email_log" | "listing_transactions" | ... 20 more ... | "xp_history"'.
  Overload 2 of 2, '(relation: "leaderboard_cache" | "listings_with_template_info" | "moderation_audit_logs"): PostgrestQueryBuilder<{ PostgrestVersion: "13.0.5"; }, { Tables: { audit_log: { Row: { action: string; admin_id: string | null; ... 15 more ...; user_id: string | null; }; Insert: { ...; }; Update: { ...; }; Relationships: [...]; }; ... 28 more ...; xp_history: { ...; }; }; Views: { ...; }; Functions: { ...; }; Enums: {}; CompositeTypes: { ...; }; }, { ...; } | ... 1 more ... | { ...; }, "leaderboard_cache" | ... 1 more ... | "moderation_audit_logs", [] | ... 1 more ... | [...]>', gave the following error.
    Argument of type '"user_collections"' is not assignable to parameter of type '"leaderboard_cache" | "listings_with_template_info" | "moderation_audit_logs"'.
src/app/mi-coleccion/page.tsx(80,52): error TS2339: Property 'collection_id' does not exist on type 'SelectQueryError<"column 'collection_id' does not exist on 'audit_log'."> | SelectQueryError<"column 'collection_id' does not exist on 'profiles'."> | ... 27 more ... | SelectQueryError<...>'.
  Property 'collection_id' does not exist on type 'SelectQueryError<"column 'collection_id' does not exist on 'audit_log'.">'.
src/app/mi-coleccion/page.tsx(82,58): error TS2339: Property 'collection_id' does not exist on type 'SelectQueryError<"column 'collection_id' does not exist on 'audit_log'."> | SelectQueryError<"column 'collection_id' does not exist on 'profiles'."> | ... 27 more ... | SelectQueryError<...>'.
  Property 'collection_id' does not exist on type 'SelectQueryError<"column 'collection_id' does not exist on 'audit_log'.">'.
src/app/mis-plantillas/[copyId]/publicar/[slotId]/page.tsx(83,39): error TS2339: Property 'template' does not exist on type 'string | number | boolean | { [key: string]: Json | undefined; } | Json[]'.
  Property 'template' does not exist on type 'string'.
src/app/mis-plantillas/[copyId]/publicar/[slotId]/page.tsx(97,39): error TS2769: No overload matches this call.
  Overload 1 of 2, '(predicate: (value: { count: number; data: Json; global_number: number; is_special: boolean; label: string; page_id: number; page_number: number; page_title: string; slot_id: number; slot_number: number; slot_variant: string; status: string; }, index: number, obj: { ...; }[]) => value is { ...; }, thisArg?: any): { ...; } | undefined', gave the following error.
    Argument of type '(s: SlotData) => boolean' is not assignable to parameter of type '(value: { count: number; data: Json; global_number: number; is_special: boolean; label: string; page_id: number; page_number: number; page_title: string; slot_id: number; slot_number: number; slot_variant: string; status: string; }, index: number, obj: { ...; }[]) => value is { ...; }'.
      Types of parameters 's' and 'value' are incompatible.
        Type '{ count: number; data: Json; global_number: number; is_special: boolean; label: string; page_id: number; page_number: number; page_title: string; slot_id: number; slot_number: number; slot_variant: string; status: string; }' is not assignable to type 'SlotData'.
          Types of property 'data' are incompatible.
            Type 'Json' is not assignable to type 'Record<string, string | number | boolean>'.
              Type 'null' is not assignable to type 'Record<string, string | number | boolean>'.
  Overload 2 of 2, '(predicate: (value: { count: number; data: Json; global_number: number; is_special: boolean; label: string; page_id: number; page_number: number; page_title: string; slot_id: number; slot_number: number; slot_variant: string; status: string; }, index: number, obj: { ...; }[]) => unknown, thisArg?: any): { ...; } | undefined', gave the following error.
    Argument of type '(s: SlotData) => boolean' is not assignable to parameter of type '(value: { count: number; data: Json; global_number: number; is_special: boolean; label: string; page_id: number; page_number: number; page_title: string; slot_id: number; slot_number: number; slot_variant: string; status: string; }, index: number, obj: { ...; }[]) => unknown'.
      Types of parameters 's' and 'value' are incompatible.
        Type '{ count: number; data: Json; global_number: number; is_special: boolean; label: string; page_id: number; page_number: number; page_title: string; slot_id: number; slot_number: number; slot_variant: string; status: string; }' is not assignable to type 'SlotData'.
          Types of property 'data' are incompatible.
            Type 'Json' is not assignable to type 'Record<string, string | number | boolean>'.
              Type 'null' is not assignable to type 'Record<string, string | number | boolean>'.
src/app/mis-plantillas/[copyId]/publicar/[slotId]/page.tsx(120,19): error TS2345: Argument of type '{ count: number; data: Json; global_number: number; is_special: boolean; label: string; page_id: number; page_number: number; page_title: string; slot_id: number; slot_number: number; slot_variant: string; status: string; }' is not assignable to parameter of type 'SetStateAction<SlotData | null>'.
  Type '{ count: number; data: Json; global_number: number; is_special: boolean; label: string; page_id: number; page_number: number; page_title: string; slot_id: number; slot_number: number; slot_variant: string; status: string; }' is not assignable to type 'SlotData'.
    Types of property 'data' are incompatible.
      Type 'Json' is not assignable to type 'Record<string, string | number | boolean>'.
        Type 'null' is not assignable to type 'Record<string, string | number | boolean>'.
src/components/admin/BulkUploadTab.tsx(85,49): error TS2769: No overload matches this call.
  Overload 1 of 2, '(relation: "audit_log" | "profiles" | "badge_definitions" | "collection_templates" | "email_forwarding_addresses" | "favourites" | "ignored_users" | "inbound_email_log" | "listing_transactions" | ... 20 more ... | "xp_history"): PostgrestQueryBuilder<...>', gave the following error.
    Argument of type '"collections"' is not assignable to parameter of type '"audit_log" | "profiles" | "badge_definitions" | "collection_templates" | "email_forwarding_addresses" | "favourites" | "ignored_users" | "inbound_email_log" | "listing_transactions" | ... 20 more ... | "xp_history"'.
  Overload 2 of 2, '(relation: "leaderboard_cache" | "listings_with_template_info" | "moderation_audit_logs"): PostgrestQueryBuilder<{ PostgrestVersion: "13.0.5"; }, { Tables: { audit_log: { Row: { action: string; admin_id: string | null; ... 15 more ...; user_id: string | null; }; Insert: { ...; }; Update: { ...; }; Relationships: [...]; }; ... 28 more ...; xp_history: { ...; }; }; Views: { ...; }; Functions: { ...; }; Enums: {}; CompositeTypes: { ...; }; }, { ...; } | ... 1 more ... | { ...; }, "leaderboard_cache" | ... 1 more ... | "moderation_audit_logs", [] | ... 1 more ... | [...]>', gave the following error.
    Argument of type '"collections"' is not assignable to parameter of type '"leaderboard_cache" | "listings_with_template_info" | "moderation_audit_logs"'.
src/components/admin/BulkUploadTab.tsx(87,20): error TS2345: Argument of type '(SelectQueryError<"column 'id' does not exist on 'audit_log'."> | SelectQueryError<"column 'id' does not exist on 'profiles'."> | ... 27 more ... | SelectQueryError<...>)[]' is not assignable to parameter of type 'SetStateAction<Collection[]>'.
  Type '(SelectQueryError<"column 'id' does not exist on 'audit_log'."> | SelectQueryError<"column 'id' does not exist on 'profiles'."> | ... 27 more ... | SelectQueryError<...>)[]' is not assignable to type 'Collection[]'.
    Type 'SelectQueryError<"column 'id' does not exist on 'audit_log'."> | SelectQueryError<"column 'id' does not exist on 'profiles'."> | ... 27 more ... | SelectQueryError<...>' is not assignable to type 'Collection'.
      Type '{ error: true; } & String' is missing the following properties from type 'Collection': id, name
src/components/admin/BulkUploadTab.tsx(88,61): error TS2339: Property 'id' does not exist on type 'SelectQueryError<"column 'id' does not exist on 'audit_log'."> | SelectQueryError<"column 'id' does not exist on 'profiles'."> | ... 27 more ... | SelectQueryError<...>'.
  Property 'id' does not exist on type 'SelectQueryError<"column 'id' does not exist on 'audit_log'.">'.
src/components/admin/BulkUploadTab.tsx(152,21): error TS2769: No overload matches this call.
  Overload 1 of 2, '(relation: "audit_log" | "profiles" | "badge_definitions" | "collection_templates" | "email_forwarding_addresses" | "favourites" | "ignored_users" | "inbound_email_log" | "listing_transactions" | ... 20 more ... | "xp_history"): PostgrestQueryBuilder<...>', gave the following error.
    Argument of type '"stickers"' is not assignable to parameter of type '"audit_log" | "profiles" | "badge_definitions" | "collection_templates" | "email_forwarding_addresses" | "favourites" | "ignored_users" | "inbound_email_log" | "listing_transactions" | ... 20 more ... | "xp_history"'.
  Overload 2 of 2, '(relation: "leaderboard_cache" | "listings_with_template_info" | "moderation_audit_logs"): PostgrestQueryBuilder<{ PostgrestVersion: "13.0.5"; }, { Tables: { audit_log: { Row: { action: string; admin_id: string | null; ... 15 more ...; user_id: string | null; }; Insert: { ...; }; Update: { ...; }; Relationships: [...]; }; ... 28 more ...; xp_history: { ...; }; }; Views: { ...; }; Functions: { ...; }; Enums: {}; CompositeTypes: { ...; }; }, { ...; } | ... 1 more ... | { ...; }, "leaderboard_cache" | ... 1 more ... | "moderation_audit_logs", [] | ... 1 more ... | [...]>', gave the following error.
    Argument of type '"stickers"' is not assignable to parameter of type '"leaderboard_cache" | "listings_with_template_info" | "moderation_audit_logs"'.
src/components/admin/BulkUploadTab.tsx(157,25): error TS2339: Property 'id' does not exist on type 'SelectQueryError<"column 'id' does not exist on 'audit_log'."> | SelectQueryError<"column 'id' does not exist on 'profiles'."> | ... 27 more ... | SelectQueryError<...>'.
  Property 'id' does not exist on type 'SelectQueryError<"column 'id' does not exist on 'audit_log'.">'.
src/components/admin/BulkUploadTab.tsx(199,74): error TS2322: Type 'unknown' is not assignable to type 'Json'.
src/components/admin/CollectionsTab.tsx(35,13): error TS2769: No overload matches this call.
  Overload 1 of 2, '(relation: "audit_log" | "profiles" | "badge_definitions" | "collection_templates" | "email_forwarding_addresses" | "favourites" | "ignored_users" | "inbound_email_log" | "listing_transactions" | ... 20 more ... | "xp_history"): PostgrestQueryBuilder<...>', gave the following error.
    Argument of type '"collections"' is not assignable to parameter of type '"audit_log" | "profiles" | "badge_definitions" | "collection_templates" | "email_forwarding_addresses" | "favourites" | "ignored_users" | "inbound_email_log" | "listing_transactions" | ... 20 more ... | "xp_history"'.
  Overload 2 of 2, '(relation: "leaderboard_cache" | "listings_with_template_info" | "moderation_audit_logs"): PostgrestQueryBuilder<{ PostgrestVersion: "13.0.5"; }, { Tables: { audit_log: { Row: { action: string; admin_id: string | null; ... 15 more ...; user_id: string | null; }; Insert: { ...; }; Update: { ...; }; Relationships: [...]; }; ... 28 more ...; xp_history: { ...; }; }; Views: { ...; }; Functions: { ...; }; Enums: {}; CompositeTypes: { ...; }; }, { ...; } | ... 1 more ... | { ...; }, "leaderboard_cache" | ... 1 more ... | "moderation_audit_logs", [] | ... 1 more ... | [...]>', gave the following error.
    Argument of type '"collections"' is not assignable to parameter of type '"leaderboard_cache" | "listings_with_template_info" | "moderation_audit_logs"'.
src/components/admin/CollectionsTab.tsx(40,20): error TS2345: Argument of type '(SelectQueryError<"column 'id' does not exist on 'audit_log'."> | SelectQueryError<"column 'id' does not exist on 'profiles'."> | ... 27 more ... | SelectQueryError<...>)[]' is not assignable to parameter of type 'SetStateAction<Collection[]>'.
  Type '(SelectQueryError<"column 'id' does not exist on 'audit_log'."> | SelectQueryError<"column 'id' does not exist on 'profiles'."> | ... 27 more ... | SelectQueryError<...>)[]' is not assignable to type 'Collection[]'.
    Type 'SelectQueryError<"column 'id' does not exist on 'audit_log'."> | SelectQueryError<"column 'id' does not exist on 'profiles'."> | ... 27 more ... | SelectQueryError<...>' is not assignable to type 'Collection'.
      Type '{ error: true; } & String' is missing the following properties from type 'Collection': name, competition, year
src/components/admin/CollectionsTab.tsx(53,71): error TS2322: Type 'unknown' is not assignable to type 'Json'.
src/components/admin/PagesTab.tsx(30,49): error TS2769: No overload matches this call.
  Overload 1 of 2, '(relation: "audit_log" | "profiles" | "badge_definitions" | "collection_templates" | "email_forwarding_addresses" | "favourites" | "ignored_users" | "inbound_email_log" | "listing_transactions" | ... 20 more ... | "xp_history"): PostgrestQueryBuilder<...>', gave the following error.
    Argument of type '"collections"' is not assignable to parameter of type '"audit_log" | "profiles" | "badge_definitions" | "collection_templates" | "email_forwarding_addresses" | "favourites" | "ignored_users" | "inbound_email_log" | "listing_transactions" | ... 20 more ... | "xp_history"'.
  Overload 2 of 2, '(relation: "leaderboard_cache" | "listings_with_template_info" | "moderation_audit_logs"): PostgrestQueryBuilder<{ PostgrestVersion: "13.0.5"; }, { Tables: { audit_log: { Row: { action: string; admin_id: string | null; ... 15 more ...; user_id: string | null; }; Insert: { ...; }; Update: { ...; }; Relationships: [...]; }; ... 28 more ...; xp_history: { ...; }; }; Views: { ...; }; Functions: { ...; }; Enums: {}; CompositeTypes: { ...; }; }, { ...; } | ... 1 more ... | { ...; }, "leaderboard_cache" | ... 1 more ... | "moderation_audit_logs", [] | ... 1 more ... | [...]>', gave the following error.
    Argument of type '"collections"' is not assignable to parameter of type '"leaderboard_cache" | "listings_with_template_info" | "moderation_audit_logs"'.
src/components/admin/PagesTab.tsx(32,20): error TS2345: Argument of type '(SelectQueryError<"column 'id' does not exist on 'audit_log'."> | SelectQueryError<"column 'id' does not exist on 'profiles'."> | ... 27 more ... | SelectQueryError<...>)[]' is not assignable to parameter of type 'SetStateAction<CollectionList[]>'.
  Type '(SelectQueryError<"column 'id' does not exist on 'audit_log'."> | SelectQueryError<"column 'id' does not exist on 'profiles'."> | ... 27 more ... | SelectQueryError<...>)[]' is not assignable to type 'CollectionList[]'.
    Type 'SelectQueryError<"column 'id' does not exist on 'audit_log'."> | SelectQueryError<"column 'id' does not exist on 'profiles'."> | ... 27 more ... | SelectQueryError<...>' is not assignable to type 'CollectionList'.
      Type '{ error: true; } & String' is missing the following properties from type 'CollectionList': id, name
src/components/admin/PagesTab.tsx(33,65): error TS2339: Property 'id' does not exist on type 'SelectQueryError<"column 'id' does not exist on 'audit_log'."> | SelectQueryError<"column 'id' does not exist on 'profiles'."> | ... 27 more ... | SelectQueryError<...>'.
  Property 'id' does not exist on type 'SelectQueryError<"column 'id' does not exist on 'audit_log'.">'.
src/components/admin/PagesTab.tsx(41,13): error TS2769: No overload matches this call.
  Overload 1 of 2, '(relation: "audit_log" | "profiles" | "badge_definitions" | "collection_templates" | "email_forwarding_addresses" | "favourites" | "ignored_users" | "inbound_email_log" | "listing_transactions" | ... 20 more ... | "xp_history"): PostgrestQueryBuilder<...>', gave the following error.
    Argument of type '"collection_pages"' is not assignable to parameter of type '"audit_log" | "profiles" | "badge_definitions" | "collection_templates" | "email_forwarding_addresses" | "favourites" | "ignored_users" | "inbound_email_log" | "listing_transactions" | ... 20 more ... | "xp_history"'.
  Overload 2 of 2, '(relation: "leaderboard_cache" | "listings_with_template_info" | "moderation_audit_logs"): PostgrestQueryBuilder<{ PostgrestVersion: "13.0.5"; }, { Tables: { audit_log: { Row: { action: string; admin_id: string | null; ... 15 more ...; user_id: string | null; }; Insert: { ...; }; Update: { ...; }; Relationships: [...]; }; ... 28 more ...; xp_history: { ...; }; }; Views: { ...; }; Functions: { ...; }; Enums: {}; CompositeTypes: { ...; }; }, { ...; } | ... 1 more ... | { ...; }, "leaderboard_cache" | ... 1 more ... | "moderation_audit_logs", [] | ... 1 more ... | [...]>', gave the following error.
    Argument of type '"collection_pages"' is not assignable to parameter of type '"leaderboard_cache" | "listings_with_template_info" | "moderation_audit_logs"'.
src/components/admin/PagesTab.tsx(47,14): error TS2345: Argument of type '(SelectQueryError<"column 'id' does not exist on 'audit_log'."> | SelectQueryError<"column 'id' does not exist on 'profiles'."> | ... 27 more ... | SelectQueryError<...>)[]' is not assignable to parameter of type 'SetStateAction<Page[]>'.
  Type '(SelectQueryError<"column 'id' does not exist on 'audit_log'."> | SelectQueryError<"column 'id' does not exist on 'profiles'."> | ... 27 more ... | SelectQueryError<...>)[]' is not assignable to type 'Page[]'.
    Type 'SelectQueryError<"column 'id' does not exist on 'audit_log'."> | SelectQueryError<"column 'id' does not exist on 'profiles'."> | ... 27 more ... | SelectQueryError<...>' is not assignable to type 'Page'.
      Type '{ error: true; } & String' is missing the following properties from type 'Page': collection_id, kind, title, order_index
src/components/admin/PagesTab.tsx(51,49): error TS2769: No overload matches this call.
  Overload 1 of 2, '(relation: "audit_log" | "profiles" | "badge_definitions" | "collection_templates" | "email_forwarding_addresses" | "favourites" | "ignored_users" | "inbound_email_log" | "listing_transactions" | ... 20 more ... | "xp_history"): PostgrestQueryBuilder<...>', gave the following error.
    Argument of type '"collection_teams"' is not assignable to parameter of type '"audit_log" | "profiles" | "badge_definitions" | "collection_templates" | "email_forwarding_addresses" | "favourites" | "ignored_users" | "inbound_email_log" | "listing_transactions" | ... 20 more ... | "xp_history"'.
  Overload 2 of 2, '(relation: "leaderboard_cache" | "listings_with_template_info" | "moderation_audit_logs"): PostgrestQueryBuilder<{ PostgrestVersion: "13.0.5"; }, { Tables: { audit_log: { Row: { action: string; admin_id: string | null; ... 15 more ...; user_id: string | null; }; Insert: { ...; }; Update: { ...; }; Relationships: [...]; }; ... 28 more ...; xp_history: { ...; }; }; Views: { ...; }; Functions: { ...; }; Enums: {}; CompositeTypes: { ...; }; }, { ...; } | ... 1 more ... | { ...; }, "leaderboard_cache" | ... 1 more ... | "moderation_audit_logs", [] | ... 1 more ... | [...]>', gave the following error.
    Argument of type '"collection_teams"' is not assignable to parameter of type '"leaderboard_cache" | "listings_with_template_info" | "moderation_audit_logs"'.
src/components/admin/PagesTab.tsx(53,14): error TS2345: Argument of type '(SelectQueryError<"column 'id' does not exist on 'audit_log'."> | SelectQueryError<"column 'id' does not exist on 'profiles'."> | ... 27 more ... | SelectQueryError<...>)[]' is not assignable to parameter of type 'SetStateAction<Team[]>'.
  Type '(SelectQueryError<"column 'id' does not exist on 'audit_log'."> | SelectQueryError<"column 'id' does not exist on 'profiles'."> | ... 27 more ... | SelectQueryError<...>)[]' is not assignable to type 'Team[]'.
    Type 'SelectQueryError<"column 'id' does not exist on 'audit_log'."> | SelectQueryError<"column 'id' does not exist on 'profiles'."> | ... 27 more ... | SelectQueryError<...>' is not assignable to type 'Team'.
      Type '{ error: true; } & String' is missing the following properties from type 'Team': id, team_name
src/components/admin/PagesTab.tsx(78,65): error TS2322: Type 'unknown' is not assignable to type 'Json'.
src/components/admin/StickersTab.tsx(53,49): error TS2769: No overload matches this call.
  Overload 1 of 2, '(relation: "audit_log" | "profiles" | "badge_definitions" | "collection_templates" | "email_forwarding_addresses" | "favourites" | "ignored_users" | "inbound_email_log" | "listing_transactions" | ... 20 more ... | "xp_history"): PostgrestQueryBuilder<...>', gave the following error.
    Argument of type '"collections"' is not assignable to parameter of type '"audit_log" | "profiles" | "badge_definitions" | "collection_templates" | "email_forwarding_addresses" | "favourites" | "ignored_users" | "inbound_email_log" | "listing_transactions" | ... 20 more ... | "xp_history"'.
  Overload 2 of 2, '(relation: "leaderboard_cache" | "listings_with_template_info" | "moderation_audit_logs"): PostgrestQueryBuilder<{ PostgrestVersion: "13.0.5"; }, { Tables: { audit_log: { Row: { action: string; admin_id: string | null; ... 15 more ...; user_id: string | null; }; Insert: { ...; }; Update: { ...; }; Relationships: [...]; }; ... 28 more ...; xp_history: { ...; }; }; Views: { ...; }; Functions: { ...; }; Enums: {}; CompositeTypes: { ...; }; }, { ...; } | ... 1 more ... | { ...; }, "leaderboard_cache" | ... 1 more ... | "moderation_audit_logs", [] | ... 1 more ... | [...]>', gave the following error.
    Argument of type '"collections"' is not assignable to parameter of type '"leaderboard_cache" | "listings_with_template_info" | "moderation_audit_logs"'.
src/components/admin/StickersTab.tsx(55,20): error TS2345: Argument of type '(SelectQueryError<"column 'id' does not exist on 'audit_log'."> | SelectQueryError<"column 'id' does not exist on 'profiles'."> | ... 27 more ... | SelectQueryError<...>)[]' is not assignable to parameter of type 'SetStateAction<Collection[]>'.
  Type '(SelectQueryError<"column 'id' does not exist on 'audit_log'."> | SelectQueryError<"column 'id' does not exist on 'profiles'."> | ... 27 more ... | SelectQueryError<...>)[]' is not assignable to type 'Collection[]'.
    Type 'SelectQueryError<"column 'id' does not exist on 'audit_log'."> | SelectQueryError<"column 'id' does not exist on 'profiles'."> | ... 27 more ... | SelectQueryError<...>' is not assignable to type 'Collection'.
      Type '{ error: true; } & String' is missing the following properties from type 'Collection': id, name
src/components/admin/StickersTab.tsx(56,61): error TS2339: Property 'id' does not exist on type 'SelectQueryError<"column 'id' does not exist on 'audit_log'."> | SelectQueryError<"column 'id' does not exist on 'profiles'."> | ... 27 more ... | SelectQueryError<...>'.
  Property 'id' does not exist on type 'SelectQueryError<"column 'id' does not exist on 'audit_log'.">'.
src/components/admin/StickersTab.tsx(60,42): error TS2769: No overload matches this call.
  Overload 1 of 2, '(relation: "audit_log" | "profiles" | "badge_definitions" | "collection_templates" | "email_forwarding_addresses" | "favourites" | "ignored_users" | "inbound_email_log" | "listing_transactions" | ... 20 more ... | "xp_history"): PostgrestQueryBuilder<...>', gave the following error.
    Argument of type '"collection_teams"' is not assignable to parameter of type '"audit_log" | "profiles" | "badge_definitions" | "collection_templates" | "email_forwarding_addresses" | "favourites" | "ignored_users" | "inbound_email_log" | "listing_transactions" | ... 20 more ... | "xp_history"'.
  Overload 2 of 2, '(relation: "leaderboard_cache" | "listings_with_template_info" | "moderation_audit_logs"): PostgrestQueryBuilder<{ PostgrestVersion: "13.0.5"; }, { Tables: { audit_log: { Row: { action: string; admin_id: string | null; ... 15 more ...; user_id: string | null; }; Insert: { ...; }; Update: { ...; }; Relationships: [...]; }; ... 28 more ...; xp_history: { ...; }; }; Views: { ...; }; Functions: { ...; }; Enums: {}; CompositeTypes: { ...; }; }, { ...; } | ... 1 more ... | { ...; }, "leaderboard_cache" | ... 1 more ... | "moderation_audit_logs", [] | ... 1 more ... | [...]>', gave the following error.
    Argument of type '"collection_teams"' is not assignable to parameter of type '"leaderboard_cache" | "listings_with_template_info" | "moderation_audit_logs"'.
src/components/admin/StickersTab.tsx(61,14): error TS2345: Argument of type '(SelectQueryError<"column 'id' does not exist on 'audit_log'."> | SelectQueryError<"column 'id' does not exist on 'profiles'."> | ... 27 more ... | SelectQueryError<...>)[]' is not assignable to parameter of type 'SetStateAction<Team[]>'.
  Type '(SelectQueryError<"column 'id' does not exist on 'audit_log'."> | SelectQueryError<"column 'id' does not exist on 'profiles'."> | ... 27 more ... | SelectQueryError<...>)[]' is not assignable to type 'Team[]'.
    Type 'SelectQueryError<"column 'id' does not exist on 'audit_log'."> | SelectQueryError<"column 'id' does not exist on 'profiles'."> | ... 27 more ... | SelectQueryError<...>' is not assignable to type 'Team'.
      Type '{ error: true; } & String' is missing the following properties from type 'Team': id, team_name
src/components/admin/StickersTab.tsx(68,13): error TS2769: No overload matches this call.
  Overload 1 of 2, '(relation: "audit_log" | "profiles" | "badge_definitions" | "collection_templates" | "email_forwarding_addresses" | "favourites" | "ignored_users" | "inbound_email_log" | "listing_transactions" | ... 20 more ... | "xp_history"): PostgrestQueryBuilder<...>', gave the following error.
    Argument of type '"stickers"' is not assignable to parameter of type '"audit_log" | "profiles" | "badge_definitions" | "collection_templates" | "email_forwarding_addresses" | "favourites" | "ignored_users" | "inbound_email_log" | "listing_transactions" | ... 20 more ... | "xp_history"'.
  Overload 2 of 2, '(relation: "leaderboard_cache" | "listings_with_template_info" | "moderation_audit_logs"): PostgrestQueryBuilder<{ PostgrestVersion: "13.0.5"; }, { Tables: { audit_log: { Row: { action: string; admin_id: string | null; ... 15 more ...; user_id: string | null; }; Insert: { ...; }; Update: { ...; }; Relationships: [...]; }; ... 28 more ...; xp_history: { ...; }; }; Views: { ...; }; Functions: { ...; }; Enums: {}; CompositeTypes: { ...; }; }, { ...; } | ... 1 more ... | { ...; }, "leaderboard_cache" | ... 1 more ... | "moderation_audit_logs", [] | ... 1 more ... | [...]>', gave the following error.
    Argument of type '"stickers"' is not assignable to parameter of type '"leaderboard_cache" | "listings_with_template_info" | "moderation_audit_logs"'.
src/components/admin/StickersTab.tsx(75,17): error TS2345: Argument of type '(SelectQueryError<"column 'id' does not exist on 'audit_log'."> | SelectQueryError<"column 'id' does not exist on 'profiles'."> | ... 27 more ... | SelectQueryError<...>)[]' is not assignable to parameter of type 'SetStateAction<Sticker[]>'.
  Type '(SelectQueryError<"column 'id' does not exist on 'audit_log'."> | SelectQueryError<"column 'id' does not exist on 'profiles'."> | ... 27 more ... | SelectQueryError<...>)[]' is not assignable to type 'Sticker[]'.
    Type 'SelectQueryError<"column 'id' does not exist on 'audit_log'."> | SelectQueryError<"column 'id' does not exist on 'profiles'."> | ... 27 more ... | SelectQueryError<...>' is not assignable to type 'Sticker'.
      Type '{ error: true; } & String' is missing the following properties from type 'Sticker': collection_id, code, player_name, rarity
src/components/admin/StickersTab.tsx(129,68): error TS2322: Type 'unknown' is not assignable to type 'Json'.
src/components/admin/TeamsTab.tsx(33,49): error TS2769: No overload matches this call.
  Overload 1 of 2, '(relation: "audit_log" | "profiles" | "badge_definitions" | "collection_templates" | "email_forwarding_addresses" | "favourites" | "ignored_users" | "inbound_email_log" | "listing_transactions" | ... 20 more ... | "xp_history"): PostgrestQueryBuilder<...>', gave the following error.
    Argument of type '"collections"' is not assignable to parameter of type '"audit_log" | "profiles" | "badge_definitions" | "collection_templates" | "email_forwarding_addresses" | "favourites" | "ignored_users" | "inbound_email_log" | "listing_transactions" | ... 20 more ... | "xp_history"'.
  Overload 2 of 2, '(relation: "leaderboard_cache" | "listings_with_template_info" | "moderation_audit_logs"): PostgrestQueryBuilder<{ PostgrestVersion: "13.0.5"; }, { Tables: { audit_log: { Row: { action: string; admin_id: string | null; ... 15 more ...; user_id: string | null; }; Insert: { ...; }; Update: { ...; }; Relationships: [...]; }; ... 28 more ...; xp_history: { ...; }; }; Views: { ...; }; Functions: { ...; }; Enums: {}; CompositeTypes: { ...; }; }, { ...; } | ... 1 more ... | { ...; }, "leaderboard_cache" | ... 1 more ... | "moderation_audit_logs", [] | ... 1 more ... | [...]>', gave the following error.
    Argument of type '"collections"' is not assignable to parameter of type '"leaderboard_cache" | "listings_with_template_info" | "moderation_audit_logs"'.
src/components/admin/TeamsTab.tsx(35,20): error TS2345: Argument of type '(SelectQueryError<"column 'id' does not exist on 'audit_log'."> | SelectQueryError<"column 'id' does not exist on 'profiles'."> | ... 27 more ... | SelectQueryError<...>)[]' is not assignable to parameter of type 'SetStateAction<Collection[]>'.
  Type '(SelectQueryError<"column 'id' does not exist on 'audit_log'."> | SelectQueryError<"column 'id' does not exist on 'profiles'."> | ... 27 more ... | SelectQueryError<...>)[]' is not assignable to type 'Collection[]'.
    Type 'SelectQueryError<"column 'id' does not exist on 'audit_log'."> | SelectQueryError<"column 'id' does not exist on 'profiles'."> | ... 27 more ... | SelectQueryError<...>' is not assignable to type 'Collection'.
      Type '{ error: true; } & String' is missing the following properties from type 'Collection': id, name
src/components/admin/TeamsTab.tsx(36,65): error TS2339: Property 'id' does not exist on type 'SelectQueryError<"column 'id' does not exist on 'audit_log'."> | SelectQueryError<"column 'id' does not exist on 'profiles'."> | ... 27 more ... | SelectQueryError<...>'.
  Property 'id' does not exist on type 'SelectQueryError<"column 'id' does not exist on 'audit_log'.">'.
src/components/admin/TeamsTab.tsx(44,13): error TS2769: No overload matches this call.
  Overload 1 of 2, '(relation: "audit_log" | "profiles" | "badge_definitions" | "collection_templates" | "email_forwarding_addresses" | "favourites" | "ignored_users" | "inbound_email_log" | "listing_transactions" | ... 20 more ... | "xp_history"): PostgrestQueryBuilder<...>', gave the following error.
    Argument of type '"collection_teams"' is not assignable to parameter of type '"audit_log" | "profiles" | "badge_definitions" | "collection_templates" | "email_forwarding_addresses" | "favourites" | "ignored_users" | "inbound_email_log" | "listing_transactions" | ... 20 more ... | "xp_history"'.
  Overload 2 of 2, '(relation: "leaderboard_cache" | "listings_with_template_info" | "moderation_audit_logs"): PostgrestQueryBuilder<{ PostgrestVersion: "13.0.5"; }, { Tables: { audit_log: { Row: { action: string; admin_id: string | null; ... 15 more ...; user_id: string | null; }; Insert: { ...; }; Update: { ...; }; Relationships: [...]; }; ... 28 more ...; xp_history: { ...; }; }; Views: { ...; }; Functions: { ...; }; Enums: {}; CompositeTypes: { ...; }; }, { ...; } | ... 1 more ... | { ...; }, "leaderboard_cache" | ... 1 more ... | "moderation_audit_logs", [] | ... 1 more ... | [...]>', gave the following error.
    Argument of type '"collection_teams"' is not assignable to parameter of type '"leaderboard_cache" | "listings_with_template_info" | "moderation_audit_logs"'.
src/components/admin/TeamsTab.tsx(50,14): error TS2345: Argument of type '(SelectQueryError<"column 'id' does not exist on 'audit_log'."> | SelectQueryError<"column 'id' does not exist on 'profiles'."> | ... 27 more ... | SelectQueryError<...>)[]' is not assignable to parameter of type 'SetStateAction<Team[]>'.
  Type '(SelectQueryError<"column 'id' does not exist on 'audit_log'."> | SelectQueryError<"column 'id' does not exist on 'profiles'."> | ... 27 more ... | SelectQueryError<...>)[]' is not assignable to type 'Team[]'.
    Type 'SelectQueryError<"column 'id' does not exist on 'audit_log'."> | SelectQueryError<"column 'id' does not exist on 'profiles'."> | ... 27 more ... | SelectQueryError<...>' is not assignable to type 'Team'.
      Type '{ error: true; } & String' is missing the following properties from type 'Team': collection_id, team_name
src/components/admin/TeamsTab.tsx(85,65): error TS2322: Type 'unknown' is not assignable to type 'Json'.
src/components/dashboard/UserDashboard.tsx(90,27): error TS2769: No overload matches this call.
  Overload 1 of 2, '(relation: "audit_log" | "profiles" | "badge_definitions" | "collection_templates" | "email_forwarding_addresses" | "favourites" | "ignored_users" | "inbound_email_log" | "listing_transactions" | ... 20 more ... | "xp_history"): PostgrestQueryBuilder<...>', gave the following error.
    Argument of type '"listings"' is not assignable to parameter of type '"audit_log" | "profiles" | "badge_definitions" | "collection_templates" | "email_forwarding_addresses" | "favourites" | "ignored_users" | "inbound_email_log" | "listing_transactions" | ... 20 more ... | "xp_history"'.
  Overload 2 of 2, '(relation: "leaderboard_cache" | "listings_with_template_info" | "moderation_audit_logs"): PostgrestQueryBuilder<{ PostgrestVersion: "13.0.5"; }, { Tables: { audit_log: { Row: { action: string; admin_id: string | null; ... 15 more ...; user_id: string | null; }; Insert: { ...; }; Update: { ...; }; Relationships: [...]; }; ... 28 more ...; xp_history: { ...; }; }; Views: { ...; }; Functions: { ...; }; Enums: {}; CompositeTypes: { ...; }; }, { ...; } | ... 1 more ... | { ...; }, "leaderboard_cache" | ... 1 more ... | "moderation_audit_logs", [] | ... 1 more ... | [...]>', gave the following error.
    Argument of type '"listings"' is not assignable to parameter of type '"leaderboard_cache" | "listings_with_template_info" | "moderation_audit_logs"'.
src/components/dashboard/UserDashboard.tsx(97,35): error TS2345: Argument of type '({ avatar_url: string | null; created_at: string | null; deleted_at: string | null; deletion_reason: string | null; id: string; is_admin: boolean | null; is_suspended: boolean | null; ... 15 more ...; xp_total: number | null; } | ... 28 more ... | { ...; })[]' is not assignable to parameter of type 'SetStateAction<Listing[]>'.
  Type '({ avatar_url: string | null; created_at: string | null; deleted_at: string | null; deletion_reason: string | null; id: string; is_admin: boolean | null; is_suspended: boolean | null; ... 15 more ...; xp_total: number | null; } | ... 28 more ... | { ...; })[]' is not assignable to type 'Listing[]'.
    Type '{ avatar_url: string | null; created_at: string | null; deleted_at: string | null; deletion_reason: string | null; id: string; is_admin: boolean | null; is_suspended: boolean | null; ... 15 more ...; xp_total: number | null; } | ... 28 more ... | { ...; }' is not assignable to type 'Listing'.
      Type '{ avatar_url: string | null; created_at: string | null; deleted_at: string | null; deletion_reason: string | null; id: string; is_admin: boolean | null; is_suspended: boolean | null; ... 15 more ...; xp_total: number | null; }' is missing the following properties from type 'Listing': user_id, author_nickname, author_avatar_url, title, and 6 more.
src/components/templates/TemplatesContent.tsx(119,43): error TS2345: Argument of type '(template: Template, index: number) => JSX.Element' is not assignable to parameter of type '(value: Template, index: number, array: Template[]) => Element'.
  Types of parameters 'template' and 'value' are incompatible.
    Type 'Template' is not assignable to type 'import("C:/Users/dsalv/Projects/cromos-web/src/lib/templates/server-templates").Template'.
      Types of property 'total_slots' are incompatible.
        Type 'number | undefined' is not assignable to type 'number'.
          Type 'undefined' is not assignable to type 'number'.
src/hooks/album/useAlbumPages.ts(104,15): error TS2769: No overload matches this call.
  Overload 1 of 2, '(relation: "audit_log" | "profiles" | "badge_definitions" | "collection_templates" | "email_forwarding_addresses" | "favourites" | "ignored_users" | "inbound_email_log" | "listing_transactions" | ... 20 more ... | "xp_history"): PostgrestQueryBuilder<...>', gave the following error.
    Argument of type '"user_collections"' is not assignable to parameter of type '"audit_log" | "profiles" | "badge_definitions" | "collection_templates" | "email_forwarding_addresses" | "favourites" | "ignored_users" | "inbound_email_log" | "listing_transactions" | ... 20 more ... | "xp_history"'.
  Overload 2 of 2, '(relation: "leaderboard_cache" | "listings_with_template_info" | "moderation_audit_logs"): PostgrestQueryBuilder<{ PostgrestVersion: "13.0.5"; }, { Tables: { audit_log: { Row: { action: string; admin_id: string | null; ... 15 more ...; user_id: string | null; }; Insert: { ...; }; Update: { ...; }; Relationships: [...]; }; ... 28 more ...; xp_history: { ...; }; }; Views: { ...; }; Functions: { ...; }; Enums: {}; CompositeTypes: { ...; }; }, { ...; } | ... 1 more ... | { ...; }, "leaderboard_cache" | ... 1 more ... | "moderation_audit_logs", [] | ... 1 more ... | [...]>', gave the following error.
    Argument of type '"user_collections"' is not assignable to parameter of type '"leaderboard_cache" | "listings_with_template_info" | "moderation_audit_logs"'.
src/hooks/album/useAlbumPages.ts(120,20): error TS2352: Conversion of type '(SelectQueryError<"column 'collection_id' does not exist on 'audit_log'."> | SelectQueryError<"column 'collection_id' does not exist on 'profiles'."> | ... 27 more ... | SelectQueryError<...>)[]' to type 'UserCollectionRow[]' may be a mistake because neither type sufficiently overlaps with the other. If this was intentional, convert the expression to 'unknown' first.
  Type 'SelectQueryError<"column 'collection_id' does not exist on 'audit_log'."> | SelectQueryError<"column 'collection_id' does not exist on 'profiles'."> | ... 27 more ... | SelectQueryError<...>' is not comparable to type 'UserCollectionRow'.
    Type '{ error: true; } & String' is missing the following properties from type 'UserCollectionRow': collection_id, is_active, collections
src/hooks/album/useAlbumPages.ts(142,17): error TS2769: No overload matches this call.
  Overload 1 of 2, '(relation: "audit_log" | "profiles" | "badge_definitions" | "collection_templates" | "email_forwarding_addresses" | "favourites" | "ignored_users" | "inbound_email_log" | "listing_transactions" | ... 20 more ... | "xp_history"): PostgrestQueryBuilder<...>', gave the following error.
    Argument of type '"collections"' is not assignable to parameter of type '"audit_log" | "profiles" | "badge_definitions" | "collection_templates" | "email_forwarding_addresses" | "favourites" | "ignored_users" | "inbound_email_log" | "listing_transactions" | ... 20 more ... | "xp_history"'.
  Overload 2 of 2, '(relation: "leaderboard_cache" | "listings_with_template_info" | "moderation_audit_logs"): PostgrestQueryBuilder<{ PostgrestVersion: "13.0.5"; }, { Tables: { audit_log: { Row: { action: string; admin_id: string | null; ... 15 more ...; user_id: string | null; }; Insert: { ...; }; Update: { ...; }; Relationships: [...]; }; ... 28 more ...; xp_history: { ...; }; }; Views: { ...; }; Functions: { ...; }; Enums: {}; CompositeTypes: { ...; }; }, { ...; } | ... 1 more ... | { ...; }, "leaderboard_cache" | ... 1 more ... | "moderation_audit_logs", [] | ... 1 more ... | [...]>', gave the following error.
    Argument of type '"collections"' is not assignable to parameter of type '"leaderboard_cache" | "listings_with_template_info" | "moderation_audit_logs"'.
src/hooks/album/useAlbumPages.ts(149,26): error TS2339: Property 'id' does not exist on type 'SelectQueryError<"column 'id' does not exist on 'audit_log'."> | SelectQueryError<"column 'id' does not exist on 'profiles'."> | ... 27 more ... | SelectQueryError<...>'.
  Property 'id' does not exist on type 'SelectQueryError<"column 'id' does not exist on 'audit_log'.">'.
src/hooks/album/useAlbumPages.ts(150,28): error TS2339: Property 'name' does not exist on type 'SelectQueryError<"column 'id' does not exist on 'audit_log'."> | SelectQueryError<"column 'id' does not exist on 'profiles'."> | ... 27 more ... | SelectQueryError<...>'.
  Property 'name' does not exist on type 'SelectQueryError<"column 'id' does not exist on 'audit_log'.">'.
src/hooks/album/useAlbumPages.ts(179,11): error TS2345: Argument of type '"get_user_collection_stats"' is not assignable to parameter of type '"is_admin" | "add_listing_status_messages" | "add_system_message_to_listing_chat" | "add_template_page" | "add_template_page_v2" | "admin_add_forwarding_address" | "admin_delete_collection" | ... 175 more ... | "update_user_rating"'.
src/hooks/album/useAlbumPages.ts(188,48): error TS2345: Argument of type '{ distance_km: number; match_user_id: string; nickname: string; overlap_from_me_to_them: number; overlap_from_them_to_me: number; postcode: string; score: number; total_mutual_overlap: number; }[]' is not assignable to parameter of type 'RawCollectionStats | null | undefined'.
  Type '{ distance_km: number; match_user_id: string; nickname: string; overlap_from_me_to_them: number; overlap_from_them_to_me: number; postcode: string; score: number; total_mutual_overlap: number; }[]' is not assignable to type '{ total_stickers: number; owned_stickers: number; completion_percentage: number; duplicates: number; missing: number; }[]'.
    Type '{ distance_km: number; match_user_id: string; nickname: string; overlap_from_me_to_them: number; overlap_from_them_to_me: number; postcode: string; score: number; total_mutual_overlap: number; }' is missing the following properties from type '{ total_stickers: number; owned_stickers: number; completion_percentage: number; duplicates: number; missing: number; }': total_stickers, owned_stickers, completion_percentage, duplicates, missing
src/hooks/album/useAlbumPages.ts(229,15): error TS2769: No overload matches this call.
  Overload 1 of 2, '(relation: "audit_log" | "profiles" | "badge_definitions" | "collection_templates" | "email_forwarding_addresses" | "favourites" | "ignored_users" | "inbound_email_log" | "listing_transactions" | ... 20 more ... | "xp_history"): PostgrestQueryBuilder<...>', gave the following error.
    Argument of type '"collection_pages"' is not assignable to parameter of type '"audit_log" | "profiles" | "badge_definitions" | "collection_templates" | "email_forwarding_addresses" | "favourites" | "ignored_users" | "inbound_email_log" | "listing_transactions" | ... 20 more ... | "xp_history"'.
  Overload 2 of 2, '(relation: "leaderboard_cache" | "listings_with_template_info" | "moderation_audit_logs"): PostgrestQueryBuilder<{ PostgrestVersion: "13.0.5"; }, { Tables: { audit_log: { Row: { action: string; admin_id: string | null; ... 15 more ...; user_id: string | null; }; Insert: { ...; }; Update: { ...; }; Relationships: [...]; }; ... 28 more ...; xp_history: { ...; }; }; Views: { ...; }; Functions: { ...; }; Enums: {}; CompositeTypes: { ...; }; }, { ...; } | ... 1 more ... | { ...; }, "leaderboard_cache" | ... 1 more ... | "moderation_audit_logs", [] | ... 1 more ... | [...]>', gave the following error.
    Argument of type '"collection_pages"' is not assignable to parameter of type '"leaderboard_cache" | "listings_with_template_info" | "moderation_audit_logs"'.
src/hooks/album/useAlbumPages.ts(241,24): error TS2352: Conversion of type '(SelectQueryError<"column 'id' does not exist on 'audit_log'."> | SelectQueryError<"column 'id' does not exist on 'profiles'."> | ... 27 more ... | SelectQueryError<...>)[]' to type 'CollectionPage[]' may be a mistake because neither type sufficiently overlaps with the other. If this was intentional, convert the expression to 'unknown' first.
  Type 'SelectQueryError<"column 'id' does not exist on 'audit_log'."> | SelectQueryError<"column 'id' does not exist on 'profiles'."> | ... 27 more ... | SelectQueryError<...>' is not comparable to type 'CollectionPage'.
    Type '{ error: true; } & String' is missing the following properties from type 'CollectionPage': id, collection_id, kind, team_id, and 2 more.
src/hooks/album/useAlbumPages.ts(282,17): error TS2769: No overload matches this call.
  Overload 1 of 2, '(relation: "audit_log" | "profiles" | "badge_definitions" | "collection_templates" | "email_forwarding_addresses" | "favourites" | "ignored_users" | "inbound_email_log" | "listing_transactions" | ... 20 more ... | "xp_history"): PostgrestQueryBuilder<...>', gave the following error.
    Argument of type '"collection_pages"' is not assignable to parameter of type '"audit_log" | "profiles" | "badge_definitions" | "collection_templates" | "email_forwarding_addresses" | "favourites" | "ignored_users" | "inbound_email_log" | "listing_transactions" | ... 20 more ... | "xp_history"'.
  Overload 2 of 2, '(relation: "leaderboard_cache" | "listings_with_template_info" | "moderation_audit_logs"): PostgrestQueryBuilder<{ PostgrestVersion: "13.0.5"; }, { Tables: { audit_log: { Row: { action: string; admin_id: string | null; ... 15 more ...; user_id: string | null; }; Insert: { ...; }; Update: { ...; }; Relationships: [...]; }; ... 28 more ...; xp_history: { ...; }; }; Views: { ...; }; Functions: { ...; }; Enums: {}; CompositeTypes: { ...; }; }, { ...; } | ... 1 more ... | { ...; }, "leaderboard_cache" | ... 1 more ... | "moderation_audit_logs", [] | ... 1 more ... | [...]>', gave the following error.
    Argument of type '"collection_pages"' is not assignable to parameter of type '"leaderboard_cache" | "listings_with_template_info" | "moderation_audit_logs"'.
src/hooks/album/useAlbumPages.ts(295,17): error TS2769: No overload matches this call.
  Overload 1 of 2, '(relation: "audit_log" | "profiles" | "badge_definitions" | "collection_templates" | "email_forwarding_addresses" | "favourites" | "ignored_users" | "inbound_email_log" | "listing_transactions" | ... 20 more ... | "xp_history"): PostgrestQueryBuilder<...>', gave the following error.
    Argument of type '"page_slots"' is not assignable to parameter of type '"audit_log" | "profiles" | "badge_definitions" | "collection_templates" | "email_forwarding_addresses" | "favourites" | "ignored_users" | "inbound_email_log" | "listing_transactions" | ... 20 more ... | "xp_history"'.
  Overload 2 of 2, '(relation: "leaderboard_cache" | "listings_with_template_info" | "moderation_audit_logs"): PostgrestQueryBuilder<{ PostgrestVersion: "13.0.5"; }, { Tables: { audit_log: { Row: { action: string; admin_id: string | null; ... 15 more ...; user_id: string | null; }; Insert: { ...; }; Update: { ...; }; Relationships: [...]; }; ... 28 more ...; xp_history: { ...; }; }; Views: { ...; }; Functions: { ...; }; Enums: {}; CompositeTypes: { ...; }; }, { ...; } | ... 1 more ... | { ...; }, "leaderboard_cache" | ... 1 more ... | "moderation_audit_logs", [] | ... 1 more ... | [...]>', gave the following error.
    Argument of type '"page_slots"' is not assignable to parameter of type '"leaderboard_cache" | "listings_with_template_info" | "moderation_audit_logs"'.
src/hooks/album/useAlbumPages.ts(321,49): error TS2339: Property 'stickers' does not exist on type 'SelectQueryError<"column 'slot_index' does not exist on 'audit_log'."> | SelectQueryError<"column 'slot_index' does not exist on 'profiles'."> | ... 27 more ... | SelectQueryError<...>'.
  Property 'stickers' does not exist on type 'SelectQueryError<"column 'slot_index' does not exist on 'audit_log'.">'.
src/hooks/album/useAlbumPages.ts(322,20): error TS2339: Property 'stickers' does not exist on type 'SelectQueryError<"column 'slot_index' does not exist on 'audit_log'."> | SelectQueryError<"column 'slot_index' does not exist on 'profiles'."> | ... 27 more ... | SelectQueryError<...>'.
  Property 'stickers' does not exist on type 'SelectQueryError<"column 'slot_index' does not exist on 'audit_log'.">'.
src/hooks/album/useAlbumPages.ts(323,20): error TS2339: Property 'stickers' does not exist on type 'SelectQueryError<"column 'slot_index' does not exist on 'audit_log'."> | SelectQueryError<"column 'slot_index' does not exist on 'profiles'."> | ... 27 more ... | SelectQueryError<...>'.
  Property 'stickers' does not exist on type 'SelectQueryError<"column 'slot_index' does not exist on 'audit_log'.">'.
src/hooks/album/useAlbumPages.ts(327,15): error TS2698: Spread types may only be created from object types.
src/hooks/album/useAlbumPages.ts(376,13): error TS2698: Spread types may only be created from object types.
src/hooks/album/useAlbumPages.ts(394,15): error TS2352: Conversion of type '{ action: string; admin_id: string | null; admin_nickname: string | null; after_json: Json; before_json: Json; created_at: string | null; entity: string; entity_id: number | null; ... 10 more ...; collection_teams: SelectQueryError<...>; } | ... 898 more ... | { ...; }' to type 'AlbumPageData' may be a mistake because neither type sufficiently overlaps with the other. If this was intentional, convert the expression to 'unknown' first.
  Type '{ action_type: string; created_at: string | null; description: string | null; id: string; user_id: string; xp_earned: number; collection_teams: SelectQueryError<"could not find the relation between xp_history and collection_teams">; }' is missing the following properties from type 'AlbumPageData': page_slots, total_slots, owned_slots, collection_id, and 4 more.
src/hooks/album/useAlbumPages.ts(396,33): error TS2339: Property 'kind' does not exist on type '{ action: string; admin_id: string | null; admin_nickname: string | null; after_json: Json; before_json: Json; created_at: string | null; entity: string; entity_id: number | null; ... 10 more ...; collection_teams: SelectQueryError<...>; } | ... 898 more ... | { ...; }'.
  Property 'kind' does not exist on type '{ action: string; admin_id: string | null; admin_nickname: string | null; after_json: Json; before_json: Json; created_at: string | null; entity: string; entity_id: number | null; ... 10 more ...; collection_teams: SelectQueryError<...>; }'.
src/hooks/album/useAlbumPages.ts(425,17): error TS2769: No overload matches this call.
  Overload 1 of 2, '(relation: "audit_log" | "profiles" | "badge_definitions" | "collection_templates" | "email_forwarding_addresses" | "favourites" | "ignored_users" | "inbound_email_log" | "listing_transactions" | ... 20 more ... | "xp_history"): PostgrestQueryBuilder<...>', gave the following error.
    Argument of type '"user_collections"' is not assignable to parameter of type '"audit_log" | "profiles" | "badge_definitions" | "collection_templates" | "email_forwarding_addresses" | "favourites" | "ignored_users" | "inbound_email_log" | "listing_transactions" | ... 20 more ... | "xp_history"'.
  Overload 2 of 2, '(relation: "leaderboard_cache" | "listings_with_template_info" | "moderation_audit_logs"): PostgrestQueryBuilder<{ PostgrestVersion: "13.0.5"; }, { Tables: { audit_log: { Row: { action: string; admin_id: string | null; ... 15 more ...; user_id: string | null; }; Insert: { ...; }; Update: { ...; }; Relationships: [...]; }; ... 28 more ...; xp_history: { ...; }; }; Views: { ...; }; Functions: { ...; }; Enums: {}; CompositeTypes: { ...; }; }, { ...; } | ... 1 more ... | { ...; }, "leaderboard_cache" | ... 1 more ... | "moderation_audit_logs", [] | ... 1 more ... | [...]>', gave the following error.
    Argument of type '"user_collections"' is not assignable to parameter of type '"leaderboard_cache" | "listings_with_template_info" | "moderation_audit_logs"'.
src/hooks/album/useAlbumPages.ts(430,17): error TS2769: No overload matches this call.
  Overload 1 of 2, '(relation: "audit_log" | "profiles" | "badge_definitions" | "collection_templates" | "email_forwarding_addresses" | "favourites" | "ignored_users" | "inbound_email_log" | "listing_transactions" | ... 20 more ... | "xp_history"): PostgrestQueryBuilder<...>', gave the following error.
    Argument of type '"user_collections"' is not assignable to parameter of type '"audit_log" | "profiles" | "badge_definitions" | "collection_templates" | "email_forwarding_addresses" | "favourites" | "ignored_users" | "inbound_email_log" | "listing_transactions" | ... 20 more ... | "xp_history"'.
  Overload 2 of 2, '(relation: "leaderboard_cache" | "listings_with_template_info" | "moderation_audit_logs"): PostgrestQueryBuilder<{ PostgrestVersion: "13.0.5"; }, { Tables: { audit_log: { Row: { action: string; admin_id: string | null; ... 15 more ...; user_id: string | null; }; Insert: { ...; }; Update: { ...; }; Relationships: [...]; }; ... 28 more ...; xp_history: { ...; }; }; Views: { ...; }; Functions: { ...; }; Enums: {}; CompositeTypes: { ...; }; }, { ...; } | ... 1 more ... | { ...; }, "leaderboard_cache" | ... 1 more ... | "moderation_audit_logs", [] | ... 1 more ... | [...]>', gave the following error.
    Argument of type '"user_collections"' is not assignable to parameter of type '"leaderboard_cache" | "listings_with_template_info" | "moderation_audit_logs"'.
src/hooks/album/useAlbumPages.ts(538,47): error TS2769: No overload matches this call.
  Overload 1 of 2, '(relation: "audit_log" | "profiles" | "badge_definitions" | "collection_templates" | "email_forwarding_addresses" | "favourites" | "ignored_users" | "inbound_email_log" | "listing_transactions" | ... 20 more ... | "xp_history"): PostgrestQueryBuilder<...>', gave the following error.
    Argument of type '"user_stickers"' is not assignable to parameter of type '"audit_log" | "profiles" | "badge_definitions" | "collection_templates" | "email_forwarding_addresses" | "favourites" | "ignored_users" | "inbound_email_log" | "listing_transactions" | ... 20 more ... | "xp_history"'.
  Overload 2 of 2, '(relation: "leaderboard_cache" | "listings_with_template_info" | "moderation_audit_logs"): PostgrestQueryBuilder<{ PostgrestVersion: "13.0.5"; }, { Tables: { audit_log: { Row: { action: string; admin_id: string | null; ... 15 more ...; user_id: string | null; }; Insert: { ...; }; Update: { ...; }; Relationships: [...]; }; ... 28 more ...; xp_history: { ...; }; }; Views: { ...; }; Functions: { ...; }; Enums: {}; CompositeTypes: { ...; }; }, { ...; } | ... 1 more ... | { ...; }, "leaderboard_cache" | ... 1 more ... | "moderation_audit_logs", [] | ... 1 more ... | [...]>', gave the following error.
    Argument of type '"user_stickers"' is not assignable to parameter of type '"leaderboard_cache" | "listings_with_template_info" | "moderation_audit_logs"'.
src/hooks/album/useAlbumPages.ts(646,49): error TS2769: No overload matches this call.
  Overload 1 of 2, '(relation: "audit_log" | "profiles" | "badge_definitions" | "collection_templates" | "email_forwarding_addresses" | "favourites" | "ignored_users" | "inbound_email_log" | "listing_transactions" | ... 20 more ... | "xp_history"): PostgrestQueryBuilder<...>', gave the following error.
    Argument of type '"user_stickers"' is not assignable to parameter of type '"audit_log" | "profiles" | "badge_definitions" | "collection_templates" | "email_forwarding_addresses" | "favourites" | "ignored_users" | "inbound_email_log" | "listing_transactions" | ... 20 more ... | "xp_history"'.
  Overload 2 of 2, '(relation: "leaderboard_cache" | "listings_with_template_info" | "moderation_audit_logs"): PostgrestQueryBuilder<{ PostgrestVersion: "13.0.5"; }, { Tables: { audit_log: { Row: { action: string; admin_id: string | null; ... 15 more ...; user_id: string | null; }; Insert: { ...; }; Update: { ...; }; Relationships: [...]; }; ... 28 more ...; xp_history: { ...; }; }; Views: { ...; }; Functions: { ...; }; Enums: {}; CompositeTypes: { ...; }; }, { ...; } | ... 1 more ... | { ...; }, "leaderboard_cache" | ... 1 more ... | "moderation_audit_logs", [] | ... 1 more ... | [...]>', gave the following error.
    Argument of type '"user_stickers"' is not assignable to parameter of type '"leaderboard_cache" | "listings_with_template_info" | "moderation_audit_logs"'.
src/hooks/album/useAlbumPages.ts(655,19): error TS2769: No overload matches this call.
  Overload 1 of 2, '(relation: "audit_log" | "profiles" | "badge_definitions" | "collection_templates" | "email_forwarding_addresses" | "favourites" | "ignored_users" | "inbound_email_log" | "listing_transactions" | ... 20 more ... | "xp_history"): PostgrestQueryBuilder<...>', gave the following error.
    Argument of type '"user_stickers"' is not assignable to parameter of type '"audit_log" | "profiles" | "badge_definitions" | "collection_templates" | "email_forwarding_addresses" | "favourites" | "ignored_users" | "inbound_email_log" | "listing_transactions" | ... 20 more ... | "xp_history"'.
  Overload 2 of 2, '(relation: "leaderboard_cache" | "listings_with_template_info" | "moderation_audit_logs"): PostgrestQueryBuilder<{ PostgrestVersion: "13.0.5"; }, { Tables: { audit_log: { Row: { action: string; admin_id: string | null; ... 15 more ...; user_id: string | null; }; Insert: { ...; }; Update: { ...; }; Relationships: [...]; }; ... 28 more ...; xp_history: { ...; }; }; Views: { ...; }; Functions: { ...; }; Enums: {}; CompositeTypes: { ...; }; }, { ...; } | ... 1 more ... | { ...; }, "leaderboard_cache" | ... 1 more ... | "moderation_audit_logs", [] | ... 1 more ... | [...]>', gave the following error.
    Argument of type '"user_stickers"' is not assignable to parameter of type '"leaderboard_cache" | "listings_with_template_info" | "moderation_audit_logs"'.
src/hooks/album/useAlbumPages.ts(775,52): error TS2345: Argument of type '"mark_team_page_complete"' is not assignable to parameter of type '"is_admin" | "add_listing_status_messages" | "add_system_message_to_listing_chat" | "add_template_page" | "add_template_page_v2" | "admin_add_forwarding_address" | "admin_delete_collection" | ... 175 more ... | "update_user_rating"'.
src/hooks/album/useAlbumPages.ts(784,55): error TS2352: Conversion of type 'undefined' to type '{ added_count: number; affected_sticker_ids: number[]; }' may be a mistake because neither type sufficiently overlaps with the other. If this was intentional, convert the expression to 'unknown' first.
src/hooks/templates/useQuickEntryProgress.ts(57,56): error TS2345: Argument of type '"update_slot_progress"' is not assignable to parameter of type '"is_admin" | "add_listing_status_messages" | "add_system_message_to_listing_chat" | "add_template_page" | "add_template_page_v2" | "admin_add_forwarding_address" | "admin_delete_collection" | ... 175 more ... | "update_user_rating"'.
src/hooks/templates/useQuickEntryProgress.ts(93,11): error TS2345: Argument of type '"get_slot_by_global_number"' is not assignable to parameter of type '"is_admin" | "add_listing_status_messages" | "add_system_message_to_listing_chat" | "add_template_page" | "add_template_page_v2" | "admin_add_forwarding_address" | "admin_delete_collection" | ... 175 more ... | "update_user_rating"'.
src/hooks/templates/useQuickEntryProgress.ts(102,35): error TS2339: Property 'length' does not exist on type 'never'.
src/hooks/templates/useQuickEntryProgress.ts(109,59): error TS2345: Argument of type '"update_slot_progress"' is not assignable to parameter of type '"is_admin" | "add_listing_status_messages" | "add_system_message_to_listing_chat" | "add_template_page" | "add_template_page_v2" | "admin_add_forwarding_address" | "admin_delete_collection" | ... 175 more ... | "update_user_rating"'.
src/hooks/templates/useQuickEntryProgress.ts(150,26): error TS2345: Argument of type '"update_slot_progress"' is not assignable to parameter of type '"is_admin" | "add_listing_status_messages" | "add_system_message_to_listing_chat" | "add_template_page" | "add_template_page_v2" | "admin_add_forwarding_address" | "admin_delete_collection" | ... 175 more ... | "update_user_rating"'.
src/hooks/templates/useTemplateSlots.ts(58,30): error TS2352: Conversion of type '{ count: number; data: Json; page_id: number; page_number: number; page_title: string; page_type: string; slot_id: number; slot_number: number; status: string; }[]' to type 'TemplateSlot[]' may be a mistake because neither type sufficiently overlaps with the other. If this was intentional, convert the expression to 'unknown' first.
  Type '{ count: number; data: Json; page_id: number; page_number: number; page_title: string; page_type: string; slot_id: number; slot_number: number; status: string; }' is missing the following properties from type 'TemplateSlot': slot_variant, global_number, slot_label, is_special, and 2 more.
src/hooks/trades/useMatchDetail.ts(49,11): error TS2345: Argument of type '"get_mutual_trade_detail"' is not assignable to parameter of type '"is_admin" | "add_listing_status_messages" | "add_system_message_to_listing_chat" | "add_template_page" | "add_template_page_v2" | "admin_add_forwarding_address" | "admin_delete_collection" | ... 175 more ... | "update_user_rating"'.
